105.06.10 13:49 B C:\Abbeydale\2005.gif <-- blueyonder /htdocs 2005.gif
105.06.10 13:49 B C:\Abbeydale\About.htm <-- blueyonder /htdocs About.htm
105.06.10 13:49 B C:\Abbeydale\AMORS.htm <-- blueyonder /htdocs AMORS.htm
105.06.10 13:49 B C:\Abbeydale\APOLLOS.htm <-- blueyonder /htdocs APOLLOS.htm
105.06.10 13:49 B C:\Abbeydale\ATENS.htm <-- blueyonder /htdocs ATENS.htm
105.06.10 13:49 B C:\Abbeydale\Comet.htm <-- blueyonder /htdocs Comet.htm
105.06.10 13:49 B C:\Abbeydale\Header.htm <-- blueyonder /htdocs Header.htm
105.06.10 13:49 B C:\Abbeydale\HelpAmors.htm <-- blueyonder /htdocs HelpAmors.htm
105.06.10 13:49 B C:\Abbeydale\HelpApollos.htm <-- blueyonder /htdocs HelpApollos.htm
105.06.10 13:49 B C:\Abbeydale\HelpAtens.htm <-- blueyonder /htdocs HelpAtens.htm
105.06.10 13:49 B C:\Abbeydale\HelpPha.htm <-- blueyonder /htdocs HelpPha.htm
105.06.10 13:49 B C:\Abbeydale\Images.htm <-- blueyonder /htdocs Images.htm
105.06.10 13:50 B C:\Abbeydale\index.htm <-- blueyonder /htdocs index.htm
105.06.10 13:50 B C:\Abbeydale\Latest.htm <-- blueyonder /htdocs Latest.htm
105.06.10 13:50 B C:\Abbeydale\links.htm <-- blueyonder /htdocs links.htm
105.06.10 13:50 B C:\Abbeydale\MC.htm <-- blueyonder /htdocs MC.htm
105.06.10 13:50 B C:\Abbeydale\Messier.htm <-- blueyonder /htdocs Messier.htm
105.06.10 13:50 B C:\Abbeydale\Observatory.htm <-- blueyonder /htdocs Observatory.htm
105.06.10 13:50 B C:\Abbeydale\Observatory.jpg <-- blueyonder /htdocs Observatory.jpg
105.06.10 13:50 B C:\Abbeydale\PHA.htm <-- blueyonder /htdocs PHA.htm
105.06.10 13:50 B C:\Abbeydale\Possible.htm <-- blueyonder /htdocs Possible.htm
105.06.10 13:50 B C:\Abbeydale\Statistics.htm <-- blueyonder /htdocs Statistics.htm
105.06.10 13:50 B C:\Abbeydale\Stats2005.gif <-- blueyonder /htdocs Stats2005.gif
105.06.10 13:50 B C:\Abbeydale\Stats2005.htm <-- blueyonder /htdocs Stats2005.htm
105.06.10 13:50 B C:\Abbeydale\Type.htm <-- blueyonder /htdocs Type.htm
105.07.06 14:01 B C:\Abbeydale\2005.gif --> ftp.pwp.blueyonder.co.uk /htdocs 2005.gif
105.07.06 14:01 B C:\Abbeydale\Statistics.htm --> ftp.pwp.blueyonder.co.uk /htdocs Statistics.htm
105.07.06 14:01 B C:\Abbeydale\Stats2005.gif --> ftp.pwp.blueyonder.co.uk /htdocs Stats2005.gif
105.07.11 21:27 A C:\Abbeydale\index.htm --> ftp.pwp.blueyonder.co.uk /htdocs index.htm
105.07.11 21:27 A C:\Abbeydale\Latest.htm --> ftp.pwp.blueyonder.co.uk /htdocs Latest.htm
105.07.14 15:22 A C:\Abbeydale\APOLLOS.htm --> ftp.pwp.blueyonder.co.uk /htdocs APOLLOS.htm
105.07.14 15:22 A C:\Abbeydale\index.htm --> ftp.pwp.blueyonder.co.uk /htdocs index.htm
105.07.14 15:22 A C:\Abbeydale\Latest.htm --> ftp.pwp.blueyonder.co.uk /htdocs Latest.htm
105.07.14 15:26 A C:\Abbeydale\Latest.htm --> ftp.pwp.blueyonder.co.uk /htdocs Latest.htm
105.07.14 15:29 A C:\Abbeydale\Latest.htm --> ftp.pwp.blueyonder.co.uk /htdocs Latest.htm
105.07.20 13:35 A C:\Abbeydale\index.htm --> ftp.pwp.blueyonder.co.uk /htdocs index.htm
105.07.20 13:36 A C:\Abbeydale\Latest.htm --> ftp.pwp.blueyonder.co.uk /htdocs Latest.htm
105.07.21 21:26 A C:\Abbeydale\Stats2005.htm --> ftp.pwp.blueyonder.co.uk /htdocs Stats2005.htm
105.07.21 21:26 B C:\Abbeydale\Stats2005.htm --> ftp.pwp.blueyonder.co.uk /htdocs Stats2005.htm
105.07.21 21:32 A C:\Abbeydale\Stats2005.htm --> ftp.pwp.blueyonder.co.uk /htdocs Stats2005.htm
105.07.21 21:34 A C:\Abbeydale\Stats2005.htm --> ftp.pwp.blueyonder.co.uk /htdocs Stats2005.htm
105.07.22 00:54 A C:\Abbeydale\Stats2005.htm --> ftp.pwp.blueyonder.co.uk /htdocs Stats2005.htm
105.08.03 20:21 A C:\Abbeydale\Statistics.htm --> ftp.pwp.blueyonder.co.uk /htdocs Statistics.htm
105.08.03 20:26 A C:\Abbeydale\Statistics.htm --> ftp.pwp.blueyonder.co.uk /htdocs Statistics.htm
105.09.01 18:59 A C:\Abbeydale\Statistics.htm --> ftp.pwp.blueyonder.co.uk /htdocs Statistics.htm
105.09.09 21:02 A C:\Abbeydale\AMORS.htm --> ftp.pwp.blueyonder.co.uk /htdocs AMORS.htm
105.09.09 21:02 A C:\Abbeydale\index.htm --> ftp.pwp.blueyonder.co.uk /htdocs index.htm
105.09.09 21:02 A C:\Abbeydale\Latest.htm --> ftp.pwp.blueyonder.co.uk /htdocs Latest.htm
105.09.09 21:05 A C:\Abbeydale\AMORS.htm --> ftp.pwp.blueyonder.co.uk /htdocs AMORS.htm
105.09.30 19:33 B C:\Abbeydale\Statistics.htm <-- blueyonder /htdocs Statistics.htm
105.09.30 19:54 A C:\Abbeydale\Statistics.htm --> ftp.pwp.blueyonder.co.uk /htdocs Statistics.htm
105.09.30 19:54 A C:\Abbeydale\Stats2005.htm --> ftp.pwp.blueyonder.co.uk /htdocs Stats2005.htm
105.09.30 19:54 B C:\Abbeydale\Stats2005.gif --> ftp.pwp.blueyonder.co.uk /htdocs Stats2005.gif
105.09.30 20:04 B C:\Abbeydale\Stats2005.gif --> ftp.pwp.blueyonder.co.uk /htdocs Stats2005.gif
105.09.30 20:04 A C:\Abbeydale\Statistics.htm --> ftp.pwp.blueyonder.co.uk /htdocs Statistics.htm
105.09.30 20:08 B C:\Abbeydale\Stats2005.gif --> ftp.pwp.blueyonder.co.uk /htdocs Stats2005.gif
105.09.30 20:08 A C:\Abbeydale\Statistics.htm --> ftp.pwp.blueyonder.co.uk /htdocs Statistics.htm
105.11.21 19:00 B C:\Abbeydale\Stats2005.gif --> ftp.pwp.blueyonder.co.uk /htdocs Stats2005.gif
105.11.21 19:22 A C:\Abbeydale\Statistics.htm --> ftp.pwp.blueyonder.co.uk /htdocs Statistics.htm
105.11.21 19:25 A C:\Abbeydale\index.htm --> ftp.pwp.blueyonder.co.uk /htdocs index.htm
105.12.02 19:11 A C:\Abbeydale\Statistics.htm --> ftp.pwp.blueyonder.co.uk /htdocs Statistics.htm
105.12.02 19:12 A C:\Abbeydale\Stats2005.htm --> ftp.pwp.blueyonder.co.uk /htdocs Stats2005.htm
105.12.02 19:12 B C:\Abbeydale\Stats2005.gif --> ftp.pwp.blueyonder.co.uk /htdocs Stats2005.gif
105.12.07 20:02 A C:\Abbeydale\About.htm --> ftp.pwp.blueyonder.co.uk /htdocs About.htm
105.12.07 20:03 A C:\Abbeydale\index.htm --> ftp.pwp.blueyonder.co.uk /htdocs index.htm
105.12.11 19:09 A C:\Abbeydale\AMORS.htm --> ftp.pwp.blueyonder.co.uk /htdocs AMORS.htm
105.12.11 19:09 A C:\Abbeydale\index.htm --> ftp.pwp.blueyonder.co.uk /htdocs index.htm
105.12.11 19:09 A C:\Abbeydale\Latest.htm --> ftp.pwp.blueyonder.co.uk /htdocs Latest.htm
105.12.13 17:58 A C:\Abbeydale\Observatory.htm --> ftp.pwp.blueyonder.co.uk /htdocs Observatory.htm
105.12.26 12:09 B C:\Abbeydale\Stats2005.gif --> ftp.pwp.blueyonder.co.uk /htdocs Stats2005.gif
105.12.30 19:19 B C:\Abbeydale\Stats2005.gif --> ftp.pwp.blueyonder.co.uk /htdocs Stats2005.gif
105.12.30 19:38 A C:\Abbeydale\Statistics.htm --> ftp.pwp.blueyonder.co.uk /htdocs Statistics.htm
105.12.30 19:38 A C:\Abbeydale\Stats2006.htm --> ftp.pwp.blueyonder.co.uk /htdocs Stats2006.htm
105.12.30 19:38 B C:\Abbeydale\Stats2006.gif --> ftp.pwp.blueyonder.co.uk /htdocs Stats2006.gif
106.01.05 19:18 B C:\Abbeydale\Stats2006.gif --> ftp.pwp.blueyonder.co.uk /htdocs Stats2006.gif
106.01.07 19:42 A C:\Abbeydale\index.htm --> ftp.pwp.blueyonder.co.uk /htdocs index.htm
106.01.09 16:04 A C:\Abbeydale\index.htm --> ftp.pwp.blueyonder.co.uk /htdocs index.htm
106.01.12 18:01 A C:\Abbeydale\index.htm --> ftp.pwp.blueyonder.co.uk /htdocs index.htm
106.01.13 18:17 A C:\Abbeydale\index.htm --> ftp.pwp.blueyonder.co.uk /htdocs index.htm
106.01.16 16:43 B C:\Abbeydale\Stats2006.gif --> ftp.pwp.blueyonder.co.uk /htdocs Stats2006.gif
106.01.21 11:00 A C:\Abbeydale\index.htm --> ftp.pwp.blueyonder.co.uk /htdocs index.htm
106.01.21 11:01 B C:\Abbeydale\Stats2006.gif --> ftp.pwp.blueyonder.co.uk /htdocs Stats2006.gif
106.01.22 13:37 B C:\Abbeydale\Stats2006.gif --> ftp.pwp.blueyonder.co.uk /htdocs Stats2006.gif
106.01.27 20:11 A C:\Abbeydale\index.htm --> ftp.pwp.blueyonder.co.uk /htdocs index.htm
106.01.27 20:11 B C:\Abbeydale\Stats2006.gif --> ftp.pwp.blueyonder.co.uk /htdocs Stats2006.gif
106.01.31 16:20 A C:\Abbeydale\Statistics.htm --> ftp.pwp.blueyonder.co.uk /htdocs Statistics.htm
106.02.08 20:57 B C:\Abbeydale\Stats2006.gif --> ftp.pwp.blueyonder.co.uk /htdocs Stats2006.gif
106.02.08 22:41 A C:\Abbeydale\index.htm --> ftp.pwp.blueyonder.co.uk /htdocs index.htm
106.02.09 22:51 A C:\Abbeydale\index.htm --> ftp.pwp.blueyonder.co.uk /htdocs index.htm
106.02.09 22:51 B C:\Abbeydale\Stats2006.gif --> ftp.pwp.blueyonder.co.uk /htdocs Stats2006.gif
106.02.10 16:15 A C:\Abbeydale\ATENS.htm --> ftp.pwp.blueyonder.co.uk /htdocs ATENS.htm
106.02.10 16:15 A C:\Abbeydale\Latest.htm --> ftp.pwp.blueyonder.co.uk /htdocs Latest.htm
106.03.02 15:06 A C:\Abbeydale\index.htm --> ftp.pwp.blueyonder.co.uk /htdocs index.htm
106.03.02 15:07 A C:\Abbeydale\Statistics.htm --> ftp.pwp.blueyonder.co.uk /htdocs Statistics.htm
106.03.02 15:07 B C:\Abbeydale\Stats2006.gif --> ftp.pwp.blueyonder.co.uk /htdocs Stats2006.gif
106.03.02 15:10 A C:\Abbeydale\index.htm --> ftp.pwp.blueyonder.co.uk /htdocs index.htm
106.03.03 22:00 B C:\Abbeydale\Stats2006.gif --> ftp.pwp.blueyonder.co.uk /htdocs Stats2006.gif
