105.06.10 13:53 B C:\Abbeydale\Images\1990 KJ.htm <-- blueyonder /htdocs/Images 1990 KJ.htm
105.06.10 13:53 B C:\Abbeydale\Images\1990 KJ.jpg <-- blueyonder /htdocs/Images 1990 KJ.jpg
105.06.10 13:53 B C:\Abbeydale\Images\1992 BL2.htm <-- blueyonder /htdocs/Images 1992 BL2.htm
105.06.10 13:53 B C:\Abbeydale\Images\1992 BL2.jpg <-- blueyonder /htdocs/Images 1992 BL2.jpg
105.06.10 13:53 B C:\Abbeydale\Images\1998 UO1.htm <-- blueyonder /htdocs/Images 1998 UO1.htm
105.06.10 13:53 B C:\Abbeydale\Images\1998 UO1.jpg <-- blueyonder /htdocs/Images 1998 UO1.jpg
105.06.10 13:53 B C:\Abbeydale\Images\2000 RL77.htm <-- blueyonder /htdocs/Images 2000 RL77.htm
105.06.10 13:53 B C:\Abbeydale\Images\2000 RL77.jpg <-- blueyonder /htdocs/Images 2000 RL77.jpg
105.06.10 13:53 B C:\Abbeydale\Images\2000 xh44.htm <-- blueyonder /htdocs/Images 2000 xh44.htm
105.06.10 13:53 B C:\Abbeydale\Images\2000 xh44.jpg <-- blueyonder /htdocs/Images 2000 xh44.jpg
105.06.10 13:53 B C:\Abbeydale\Images\2001be10.htm <-- blueyonder /htdocs/Images 2001be10.htm
105.06.10 13:53 B C:\Abbeydale\Images\2001be10.jpg <-- blueyonder /htdocs/Images 2001be10.jpg
105.06.10 13:53 B C:\Abbeydale\Images\2002 CE26.htm <-- blueyonder /htdocs/Images 2002 CE26.htm
105.06.10 13:53 B C:\Abbeydale\Images\2002 CE26.jpg <-- blueyonder /htdocs/Images 2002 CE26.jpg
105.06.10 13:53 B C:\Abbeydale\Images\2004 EW9.htm <-- blueyonder /htdocs/Images 2004 EW9.htm
105.06.10 13:53 B C:\Abbeydale\Images\2004 EW9.jpg <-- blueyonder /htdocs/Images 2004 EW9.jpg
105.06.10 13:53 B C:\Abbeydale\Images\2004 PT42.htm <-- blueyonder /htdocs/Images 2004 PT42.htm
105.06.10 13:53 B C:\Abbeydale\Images\2004 PT42.jpg <-- blueyonder /htdocs/Images 2004 PT42.jpg
105.06.10 13:53 B C:\Abbeydale\Images\2004 TP1.htm <-- blueyonder /htdocs/Images 2004 TP1.htm
105.06.10 13:53 B C:\Abbeydale\Images\2004 TP1.jpg <-- blueyonder /htdocs/Images 2004 TP1.jpg
105.06.10 13:53 B C:\Abbeydale\Images\2005 AB.htm <-- blueyonder /htdocs/Images 2005 AB.htm
105.06.10 13:53 B C:\Abbeydale\Images\2005 AB.jpg <-- blueyonder /htdocs/Images 2005 AB.jpg
105.06.10 13:53 B C:\Abbeydale\Images\6490.htm <-- blueyonder /htdocs/Images 6490.htm
105.06.10 13:53 B C:\Abbeydale\Images\6490.jpg <-- blueyonder /htdocs/Images 6490.jpg
105.06.10 13:53 B C:\Abbeydale\Images\Ampella.htm <-- blueyonder /htdocs/Images Ampella.htm
105.06.10 13:53 B C:\Abbeydale\Images\Ampella.jpg <-- blueyonder /htdocs/Images Ampella.jpg
105.06.10 13:53 B C:\Abbeydale\Images\background.jpg <-- blueyonder /htdocs/Images background.jpg
105.06.10 13:53 B C:\Abbeydale\Images\Camarillo.htm <-- blueyonder /htdocs/Images Camarillo.htm
105.06.10 13:53 B C:\Abbeydale\Images\CAMARILLO.jpg <-- blueyonder /htdocs/Images CAMARILLO.jpg
105.06.10 13:53 B C:\Abbeydale\Images\Durda.htm <-- blueyonder /htdocs/Images Durda.htm
105.06.10 13:53 B C:\Abbeydale\Images\Durda.jpg <-- blueyonder /htdocs/Images Durda.jpg
105.06.10 13:53 B C:\Abbeydale\Images\Erbisbuhl.htm <-- blueyonder /htdocs/Images Erbisbuhl.htm
105.06.10 13:53 B C:\Abbeydale\Images\Erbisbuhl.jpg <-- blueyonder /htdocs/Images Erbisbuhl.jpg
105.06.10 13:53 B C:\Abbeydale\Images\Eros.htm <-- blueyonder /htdocs/Images Eros.htm
105.06.10 13:53 B C:\Abbeydale\Images\Eros.jpg <-- blueyonder /htdocs/Images Eros.jpg
105.06.10 13:53 B C:\Abbeydale\Images\Hermes.htm <-- blueyonder /htdocs/Images Hermes.htm
105.06.10 13:53 B C:\Abbeydale\Images\Hermes.jpg <-- blueyonder /htdocs/Images Hermes.jpg
105.06.10 13:53 B C:\Abbeydale\Images\Ivar.htm <-- blueyonder /htdocs/Images Ivar.htm
105.06.10 13:53 B C:\Abbeydale\Images\Ivar.jpg <-- blueyonder /htdocs/Images Ivar.jpg
105.06.10 13:53 B C:\Abbeydale\Images\JS66.htm <-- blueyonder /htdocs/Images JS66.htm
105.06.10 13:53 B C:\Abbeydale\Images\JS66.jpg <-- blueyonder /htdocs/Images JS66.jpg
105.06.10 13:53 B C:\Abbeydale\Images\Kasan.htm <-- blueyonder /htdocs/Images Kasan.htm
105.06.10 13:53 B C:\Abbeydale\Images\Kasan.jpg <-- blueyonder /htdocs/Images Kasan.jpg
105.06.10 13:53 B C:\Abbeydale\Images\Minos.htm <-- blueyonder /htdocs/Images Minos.htm
105.06.10 13:53 B C:\Abbeydale\Images\Minos.jpg <-- blueyonder /htdocs/Images Minos.jpg
105.06.10 13:53 B C:\Abbeydale\Images\Nanking.htm <-- blueyonder /htdocs/Images Nanking.htm
105.06.10 13:53 B C:\Abbeydale\Images\Nanking.jpg <-- blueyonder /htdocs/Images Nanking.jpg
105.06.10 13:53 B C:\Abbeydale\Images\Ny40.htm <-- blueyonder /htdocs/Images Ny40.htm
105.06.10 13:53 B C:\Abbeydale\Images\Ny40.jpg <-- blueyonder /htdocs/Images Ny40.jpg
105.06.10 13:53 B C:\Abbeydale\Images\Phaethon.htm <-- blueyonder /htdocs/Images Phaethon.htm
105.06.10 13:53 B C:\Abbeydale\Images\Phaethon.jpg <-- blueyonder /htdocs/Images Phaethon.jpg
105.06.10 13:53 B C:\Abbeydale\Images\QE15.htm <-- blueyonder /htdocs/Images QE15.htm
105.06.10 13:53 B C:\Abbeydale\Images\QE15.jpg <-- blueyonder /htdocs/Images QE15.jpg
105.06.10 13:53 B C:\Abbeydale\Images\Shoemaker.htm <-- blueyonder /htdocs/Images Shoemaker.htm
105.06.10 13:53 B C:\Abbeydale\Images\Shoemaker.jpg <-- blueyonder /htdocs/Images Shoemaker.jpg
105.06.10 13:53 B C:\Abbeydale\Images\Stephengould.htm <-- blueyonder /htdocs/Images Stephengould.htm
105.06.10 13:53 B C:\Abbeydale\Images\Stephengould.jpg <-- blueyonder /htdocs/Images Stephengould.jpg
105.06.10 13:53 B C:\Abbeydale\Images\Sternberga.htm <-- blueyonder /htdocs/Images Sternberga.htm
105.06.10 13:53 B C:\Abbeydale\Images\Sternberga.jpg <-- blueyonder /htdocs/Images Sternberga.jpg
105.06.10 13:53 B C:\Abbeydale\Images\Toro.htm <-- blueyonder /htdocs/Images Toro.htm
105.06.10 13:53 B C:\Abbeydale\Images\Toro.jpg <-- blueyonder /htdocs/Images Toro.jpg
105.06.10 13:53 B C:\Abbeydale\Images\Toutatis.htm <-- blueyonder /htdocs/Images Toutatis.htm
105.06.10 13:53 B C:\Abbeydale\Images\Toutatis.jpg <-- blueyonder /htdocs/Images Toutatis.jpg
105.06.10 13:53 B C:\Abbeydale\Images\Vanphilos.htm <-- blueyonder /htdocs/Images Vanphilos.htm
105.06.10 13:53 B C:\Abbeydale\Images\Vanphilos.jpg <-- blueyonder /htdocs/Images Vanphilos.jpg
105.06.10 13:53 B C:\Abbeydale\Images\wt24.htm <-- blueyonder /htdocs/Images wt24.htm
105.06.10 13:53 B C:\Abbeydale\Images\wt24a.jpg <-- blueyonder /htdocs/Images wt24a.jpg
105.06.10 13:53 B C:\Abbeydale\Images\xf11.htm <-- blueyonder /htdocs/Images xf11.htm
105.06.10 13:53 B C:\Abbeydale\Images\xf11.jpg <-- blueyonder /htdocs/Images xf11.jpg
105.07.14 15:23 B C:\Abbeydale\Images\2002 EX12.jpg --> ftp.pwp.blueyonder.co.uk /htdocs/Images 2002 EX12.jpg
105.07.14 15:23 A C:\Abbeydale\Images\2002 EX12.htm --> ftp.pwp.blueyonder.co.uk /htdocs/Images 2002 EX12.htm
105.12.11 19:10 B C:\Abbeydale\Images\2003 SW222.jpg --> ftp.pwp.blueyonder.co.uk /htdocs/Images 2003 SW222.jpg
105.12.11 19:10 A C:\Abbeydale\Images\2003 SW222.htm --> ftp.pwp.blueyonder.co.uk /htdocs/Images 2003 SW222.htm
106.01.04 11:04 B C:\Abbeydale\Images\background.jpg --> ftp.pwp.blueyonder.co.uk /htdocs/Images background.jpg
106.01.04 11:59 B C:\Abbeydale\Images\2004 TP1.jpg --> ftp.pwp.blueyonder.co.uk /htdocs/Images 2004 TP1.jpg
106.02.10 16:15 B C:\Abbeydale\Images\2000 BD19.jpg --> ftp.pwp.blueyonder.co.uk /htdocs/Images 2000 BD19.jpg
106.02.10 16:15 A C:\Abbeydale\Images\2000 BD19.htm --> ftp.pwp.blueyonder.co.uk /htdocs/Images 2000 BD19.htm
106.02.14 19:34 B C:\Abbeydale\Images\2000 BD19.jpg --> ftp.pwp.blueyonder.co.uk /htdocs/Images 2000 BD19.jpg
