105.06.10 13:51 B C:\Abbeydale\animation\1998 UO1.gif <-- blueyonder /htdocs/animation 1998 UO1.gif
105.06.10 13:51 B C:\Abbeydale\animation\1998 UO1.htm <-- blueyonder /htdocs/animation 1998 UO1.htm
105.06.10 13:51 B C:\Abbeydale\animation\1998 WT24.gif <-- blueyonder /htdocs/animation 1998 WT24.gif
105.06.10 13:51 B C:\Abbeydale\animation\1998 WT24.htm <-- blueyonder /htdocs/animation 1998 WT24.htm
105.06.10 13:51 B C:\Abbeydale\animation\2004 PT42.gif <-- blueyonder /htdocs/animation 2004 PT42.gif
105.06.10 13:51 B C:\Abbeydale\animation\2004 PT42.htm <-- blueyonder /htdocs/animation 2004 PT42.htm
105.06.10 13:51 B C:\Abbeydale\animation\2005 AB.gif <-- blueyonder /htdocs/animation 2005 AB.gif
105.06.10 13:51 B C:\Abbeydale\animation\2005 AB.htm <-- blueyonder /htdocs/animation 2005 AB.htm
105.06.10 13:51 B C:\Abbeydale\animation\Camarillo.gif <-- blueyonder /htdocs/animation Camarillo.gif
105.06.10 13:51 B C:\Abbeydale\animation\Camarillo.htm <-- blueyonder /htdocs/animation Camarillo.htm
105.06.10 13:51 B C:\Abbeydale\animation\Nanking.gif <-- blueyonder /htdocs/animation Nanking.gif
105.06.10 13:51 B C:\Abbeydale\animation\Nanking.htm <-- blueyonder /htdocs/animation Nanking.htm
105.06.10 13:51 B C:\Abbeydale\animation\Phaethon.gif <-- blueyonder /htdocs/animation Phaethon.gif
105.06.10 13:51 B C:\Abbeydale\animation\Phaethon.htm <-- blueyonder /htdocs/animation Phaethon.htm
105.06.10 13:51 B C:\Abbeydale\animation\Rust.gif <-- blueyonder /htdocs/animation Rust.gif
105.06.10 13:51 B C:\Abbeydale\animation\Rust.htm <-- blueyonder /htdocs/animation Rust.htm
105.06.10 13:51 B C:\Abbeydale\animation\Stephengould.gif <-- blueyonder /htdocs/animation Stephengould.gif
105.06.10 13:51 B C:\Abbeydale\animation\Stephengould.htm <-- blueyonder /htdocs/animation Stephengould.htm
105.07.14 15:22 A C:\Abbeydale\animation\2002 EX12.htm --> ftp.pwp.blueyonder.co.uk /htdocs/animation 2002 EX12.htm
105.07.14 15:23 B C:\Abbeydale\animation\2002 EX12.gif --> ftp.pwp.blueyonder.co.uk /htdocs/animation 2002 EX12.gif
105.09.09 21:02 A C:\Abbeydale\animation\2002 EZ2.htm --> ftp.pwp.blueyonder.co.uk /htdocs/animation 2002 EZ2.htm
105.09.09 21:03 B C:\Abbeydale\animation\2002 EZ2.gif --> ftp.pwp.blueyonder.co.uk /htdocs/animation 2002 EZ2.gif
105.12.11 19:10 A C:\Abbeydale\animation\2003 SW222.htm --> ftp.pwp.blueyonder.co.uk /htdocs/animation 2003 SW222.htm
105.12.11 19:10 B C:\Abbeydale\animation\2003 SW222.gif --> ftp.pwp.blueyonder.co.uk /htdocs/animation 2003 SW222.gif
105.12.11 19:23 B C:\Abbeydale\animation\2003 SW222.gif --> ftp.pwp.blueyonder.co.uk /htdocs/animation 2003 SW222.gif
106.02.10 16:14 A C:\Abbeydale\animation\2000 BD19.htm --> ftp.pwp.blueyonder.co.uk /htdocs/animation 2000 BD19.htm
106.02.10 16:15 B C:\Abbeydale\animation\2000 BD19.gif --> ftp.pwp.blueyonder.co.uk /htdocs/animation 2000 BD19.gif
