105.06.10 13:51 B C:\Abbeydale\comets\2001 HT50.htm <-- blueyonder /htdocs/comets 2001 HT50.htm
105.06.10 13:51 B C:\Abbeydale\comets\2001 HT50.jpg <-- blueyonder /htdocs/comets 2001 HT50.jpg
105.06.10 13:51 B C:\Abbeydale\comets\2001 RX14.htm <-- blueyonder /htdocs/comets 2001 RX14.htm
105.06.10 13:51 B C:\Abbeydale\comets\2001 RX14.jpg <-- blueyonder /htdocs/comets 2001 RX14.jpg
105.06.10 13:51 B C:\Abbeydale\comets\2002 T7.htm <-- blueyonder /htdocs/comets 2002 T7.htm
105.06.10 13:51 B C:\Abbeydale\comets\2002 T7.jpg <-- blueyonder /htdocs/comets 2002 T7.jpg
105.06.10 13:51 B C:\Abbeydale\comets\CPWH.htm <-- blueyonder /htdocs/comets CPWH.htm
105.06.10 13:51 B C:\Abbeydale\comets\CPWH.jpg <-- blueyonder /htdocs/comets CPWH.jpg
105.06.10 13:51 B C:\Abbeydale\comets\HaleBopp.htm <-- blueyonder /htdocs/comets HaleBopp.htm
105.06.10 13:51 B C:\Abbeydale\comets\HaleBopp.jpg <-- blueyonder /htdocs/comets HaleBopp.jpg
105.06.10 13:51 B C:\Abbeydale\comets\Linear K4.htm <-- blueyonder /htdocs/comets Linear K4.htm
105.06.10 13:51 B C:\Abbeydale\comets\Linear K4.jpg <-- blueyonder /htdocs/comets Linear K4.jpg
105.06.10 13:51 B C:\Abbeydale\comets\LinearA2.htm <-- blueyonder /htdocs/comets LinearA2.htm
105.06.10 13:52 B C:\Abbeydale\comets\LinearA2.jpg <-- blueyonder /htdocs/comets LinearA2.jpg
105.06.10 13:52 B C:\Abbeydale\comets\Linwm1.htm <-- blueyonder /htdocs/comets Linwm1.htm
105.06.10 13:52 B C:\Abbeydale\comets\Linwm1.jpg <-- blueyonder /htdocs/comets Linwm1.jpg
105.06.10 13:52 B C:\Abbeydale\comets\Machholz.htm <-- blueyonder /htdocs/comets Machholz.htm
105.06.10 13:52 B C:\Abbeydale\comets\Machholz.jpg <-- blueyonder /htdocs/comets Machholz.jpg
105.06.10 13:52 B C:\Abbeydale\comets\Neat Q4.htm <-- blueyonder /htdocs/comets Neat Q4.htm
105.06.10 13:52 B C:\Abbeydale\comets\Neat Q4.jpg <-- blueyonder /htdocs/comets Neat Q4.jpg
